14:25:56.274 [main] DEBUG org.apache.poi.openxml4j.opc.ZipPackage - Save part 'xl/sharedStrings.xml'
14:25:56.347 [main] DEBUG org.apache.poi.openxml4j.opc.ZipPackage - Save part 'xl/styles.xml'
14:25:56.349 [main] DEBUG org.apache.poi.openxml4j.opc.ZipPackage - Save part 'xl/theme/theme1.xml'
14:25:56.351 [main] DEBUG org.apache.poi.openxml4j.opc.ZipPackage - Save part 'xl/workbook.xml'
14:25:56.357 [main] DEBUG org.apache.poi.openxml4j.opc.ZipPackage - Save part 'xl/worksheets/sheet1.xml'
14:25:56.361 [main] DEBUG org.apache.poi.openxml4j.opc.ZipPackage - Save part 'xl/worksheets/sheet2.xml'
14:25:56.442 [main] DEBUG org.apache.poi.openxml4j.opc.PackageRelationshipCollection - Parsing relationship: /xl/_rels/workbook.xml.rels
14:25:56.445 [main] DEBUG org.apache.poi.openxml4j.opc.PackageRelationshipCollection - Parsing relationship: /xl/worksheets/_rels/sheet1.xml.rels
14:25:56.448 [main] DEBUG org.apache.poi.openxml4j.opc.PackageRelationshipCollection - Parsing relationship: /_rels/.rels
14:25:56.877 [main] DEBUG org.apache.poi.openxml4j.opc.ZipPackage - Save content types part
14:25:56.880 [main] DEBUG org.apache.poi.openxml4j.opc.ZipPackage - Save package relationships
14:25:56.883 [main] DEBUG org.apache.poi.openxml4j.opc.ZipPackage - Save part 'docProps/app.xml'
14:25:56.884 [main] DEBUG org.apache.poi.openxml4j.opc.ZipPackage - Save part 'docProps/core.xml'
14:25:56.887 [main] DEBUG org.apache.poi.openxml4j.opc.ZipPackage - Save part 'xl/sharedStrings.xml'
14:25:56.887 [main] DEBUG org.apache.poi.openxml4j.opc.ZipPackage - Save part 'xl/styles.xml'
14:25:56.888 [main] DEBUG org.apache.poi.openxml4j.opc.ZipPackage - Save part 'xl/theme/theme1.xml'
14:25:56.889 [main] DEBUG org.apache.poi.openxml4j.opc.ZipPackage - Save part 'xl/workbook.xml'
14:25:56.892 [main] DEBUG org.apache.poi.openxml4j.opc.ZipPackage - Save part 'xl/worksheets/sheet1.xml'
14:25:56.895 [main] DEBUG org.apache.poi.openxml4j.opc.ZipPackage - Save part 'xl/worksheets/sheet2.xml'
14:25:56.897 [main] INFO  TestCase.Tc_3HealthInsuranceRunner - ******Health Insurance validation Completed*******
14:25:56.897 [main] INFO  TestCase.Tc_3HealthInsuranceRunner -          ===========================             
14:25:56.898 [main] INFO  TestCase.Tc_3HealthInsuranceRunner -                                  
16:45:44.965 [main] INFO  TestCase.Tc_2CarInsuranceRunner - ******Starting Homepage*******
16:45:45.397 [main] INFO  TestCase.Tc_2CarInsuranceRunner - ******Starting Car Insurance Page*******
16:46:50.412 [main] INFO  TestCase.Tc_2CarInsuranceRunner - ****** Car Insurance validation failed*******
16:46:50.412 [main] INFO  TestCase.Tc_2CarInsuranceRunner -          ===========================             
16:46:50.412 [main] INFO  TestCase.Tc_2CarInsuranceRunner -                                  
16:48:45.582 [main] INFO  TestCase.Tc_3HealthInsuranceRunner - ******Starting Homepage*******
16:48:49.888 [main] INFO  TestCase.Tc_3HealthInsuranceRunner - ******Starting Health Insurance Page*******
16:48:50.632 [main] DEBUG org.apache.poi.openxml4j.opc.PackageRelationshipCollection - Parsing relationship: /xl/_rels/workbook.xml.rels
16:48:50.642 [main] DEBUG org.apache.poi.openxml4j.opc.PackageRelationshipCollection - Parsing relationship: /xl/worksheets/_rels/sheet1.xml.rels
16:48:50.645 [main] DEBUG org.apache.poi.openxml4j.opc.PackageRelationshipCollection - Parsing relationship: /_rels/.rels
16:48:52.413 [main] DEBUG org.apache.poi.openxml4j.opc.ZipPackage - Save content types part
16:48:52.604 [main] DEBUG org.apache.poi.openxml4j.opc.ZipPackage - Save package relationships
16:48:52.614 [main] DEBUG org.apache.poi.openxml4j.opc.ZipPackage - Save part 'docProps/app.xml'
16:48:52.616 [main] DEBUG org.apache.poi.openxml4j.opc.ZipPackage - Save part 'docProps/core.xml'
16:48:52.623 [main] DEBUG org.apache.poi.openxml4j.opc.ZipPackage - Save part 'xl/sharedStrings.xml'
16:48:52.624 [main] DEBUG org.apache.poi.openxml4j.opc.ZipPackage - Save part 'xl/styles.xml'
16:48:52.626 [main] DEBUG org.apache.poi.openxml4j.opc.ZipPackage - Save part 'xl/theme/theme1.xml'
16:48:52.628 [main] DEBUG org.apache.poi.openxml4j.opc.ZipPackage - Save part 'xl/workbook.xml'
16:48:52.632 [main] DEBUG org.apache.poi.openxml4j.opc.ZipPackage - Save part 'xl/worksheets/sheet1.xml'
16:48:52.716 [main] DEBUG org.apache.poi.openxml4j.opc.ZipPackage - Save content types part
16:48:52.720 [main] DEBUG org.apache.poi.openxml4j.opc.ZipPackage - Save package relationships
16:48:52.722 [main] DEBUG org.apache.poi.openxml4j.opc.ZipPackage - Save part 'docProps/app.xml'
16:48:52.724 [main] DEBUG org.apache.poi.openxml4j.opc.ZipPackage - Save part 'docProps/core.xml'
16:48:52.727 [main] DEBUG org.apache.poi.openxml4j.opc.ZipPackage - Save part 'xl/sharedStrings.xml'
16:48:52.728 [main] DEBUG org.apache.poi.openxml4j.opc.ZipPackage - Save part 'xl/styles.xml'
16:48:52.729 [main] DEBUG org.apache.poi.openxml4j.opc.ZipPackage - Save part 'xl/theme/theme1.xml'
