16:43:48.858 [main] INFO  TestCase.Tc_2CarInsuranceRunner - ****** Car Insurance validation Completed*******
16:47:04.766 [main] INFO  TestCase.Tc_1TravelInsuranceRunner - ******Starting Homepage*******
16:47:05.590 [main] INFO  TestCase.Tc_1TravelInsuranceRunner - ******Starting Travel Insurance Page*******
16:47:40.010 [main] INFO  TestCase.Tc_1TravelInsuranceRunner - ****** Travel Insurance validation Completed*******
16:48:02.791 [main] INFO  TestCase.Tc_2CarInsuranceRunner - ******Starting Homepage*******
16:48:03.547 [main] INFO  TestCase.Tc_2CarInsuranceRunner - ******Starting Car Insurance Page*******
16:48:12.190 [main] INFO  TestCase.Tc_2CarInsuranceRunner - ****** Car Insurance validation Completed*******
18:45:24.141 [main] INFO  TestCase.Tc_1TravelInsuranceRunner - ******Starting Homepage*******
18:45:25.121 [main] INFO  TestCase.Tc_1TravelInsuranceRunner - ******Starting Travel Insurance Page*******
18:45:30.310 [main] INFO  TestCase.Tc_1TravelInsuranceRunner - ****** Travel Insurance validation failed*******
18:45:30.310 [main] INFO  TestCase.Tc_1TravelInsuranceRunner -          ===========================             
18:45:30.311 [main] INFO  TestCase.Tc_1TravelInsuranceRunner -                                  
18:46:14.477 [main] INFO  TestCase.Tc_1TravelInsuranceRunner - ******Starting Homepage*******
18:46:15.355 [main] INFO  TestCase.Tc_1TravelInsuranceRunner - ******Starting Travel Insurance Page*******
18:46:36.090 [main] INFO  TestCase.Tc_1TravelInsuranceRunner - Screenshot not taken for Travel Insurance.......
18:46:43.171 [main] INFO  TestCase.Tc_1TravelInsuranceRunner - ****** Travel Insurance validation Completed*******
18:46:43.171 [main] INFO  TestCase.Tc_1TravelInsuranceRunner -          ===========================             
18:46:43.171 [main] INFO  TestCase.Tc_1TravelInsuranceRunner -                                  
18:47:05.215 [main] INFO  TestCase.Tc_2CarInsuranceRunner - ******Starting Homepage*******
18:47:05.596 [main] INFO  TestCase.Tc_2CarInsuranceRunner - ******Starting Car Insurance Page*******
18:47:15.146 [main] INFO  TestCase.Tc_2CarInsuranceRunner - Screenshot not taken for Travel Insurance.......
18:47:15.201 [main] INFO  TestCase.Tc_2CarInsuranceRunner - ****** Car Insurance validation Completed*******
18:47:15.202 [main] INFO  TestCase.Tc_2CarInsuranceRunner -          ===========================             
18:47:15.202 [main] INFO  TestCase.Tc_2CarInsuranceRunner -                                  
18:47:38.170 [main] INFO  TestCase.Tc_3HealthInsuranceRunner - ******Starting Homepage*******
18:47:39.124 [main] INFO  TestCase.Tc_3HealthInsuranceRunner - ****** Health Insurance validation failed*******
18:47:39.124 [main] INFO  TestCase.Tc_3HealthInsuranceRunner -          ===========================             
18:47:39.124 [main] INFO  TestCase.Tc_3HealthInsuranceRunner -                                  
19:49:32.769 [main] INFO  TestCase.Tc_1TravelInsuranceRunner - ******Starting Homepage*******
19:49:33.785 [main] INFO  TestCase.Tc_1TravelInsuranceRunner - ******Starting Travel Insurance Page*******
19:50:05.617 [main] INFO  TestCase.Tc_1TravelInsuranceRunner - Screenshot not taken for Travel Insurance.......
19:50:12.527 [main] INFO  TestCase.Tc_1TravelInsuranceRunner - ****** Travel Insurance validation Completed*******
19:50:12.528 [main] INFO  TestCase.Tc_1TravelInsuranceRunner -          ===========================             
19:50:12.528 [main] INFO  TestCase.Tc_1TravelInsuranceRunner -                                  
19:50:39.962 [main] INFO  TestCase.Tc_2CarInsuranceRunner - ******Starting Homepage*******
19:50:41.144 [main] INFO  TestCase.Tc_2CarInsuranceRunner - ******Starting Car Insurance Page*******
19:50:51.990 [main] INFO  TestCase.Tc_2CarInsuranceRunner - Screenshot not taken for Travel Insurance.......
19:50:52.103 [main] INFO  TestCase.Tc_2CarInsuranceRunner - ****** Car Insurance validation Completed*******
19:50:52.103 [main] INFO  TestCase.Tc_2CarInsuranceRunner -          ===========================             
19:50:52.104 [main] INFO  TestCase.Tc_2CarInsuranceRunner -                                  
19:51:19.100 [main] INFO  TestCase.Tc_3HealthInsuranceRunner - ******Starting Homepage*******
19:51:20.151 [main] INFO  TestCase.Tc_3HealthInsuranceRunner - ****** Health Insurance validation failed*******
19:51:20.152 [main] INFO  TestCase.Tc_3HealthInsuranceRunner -          ===========================             
19:51:20.152 [main] INFO  TestCase.Tc_3HealthInsuranceRunner -                                  
20:02:27.023 [main] INFO  TestCase.Tc_1TravelInsuranceRunner - ******Starting Homepage*******
20:02:28.331 [main] INFO  TestCase.Tc_1TravelInsuranceRunner - ******Starting Travel Insurance Page*******
20:03:05.874 [main] INFO  TestCase.Tc_1TravelInsuranceRunner - Screenshot not taken for Travel Insurance.......
20:03:12.801 [main] INFO  TestCase.Tc_1TravelInsuranceRunner - ****** Travel Insurance validation Completed*******
